<?xml version="1.0" encoding="UTF-8"?>
<testng-results skipped="0" failed="0" total="3" passed="3">
  <reporter-output>
  </reporter-output>
  <suite name="Default suite" duration-ms="49226" started-at="2018-10-16T11:28:26Z" finished-at="2018-10-16T11:29:15Z">
    <groups>
    </groups>
    <test name="Default test" duration-ms="49226" started-at="2018-10-16T11:28:26Z" finished-at="2018-10-16T11:29:15Z">
      <class name="com.Test.TestPHPTravels">
        <test-method status="PASS" signature="openApp()[pri:0, instance:com.Test.TestPHPTravels@548a9f61]" name="openApp" is-config="true" duration-ms="12122" started-at="2018-10-16T16:58:26Z" finished-at="2018-10-16T16:58:38Z">
          <reporter-output>
          </reporter-output>
        </test-method> <!-- openApp -->
        <test-method status="PASS" signature="validAdminTest()[pri:0, instance:com.Test.TestPHPTravels@548a9f61]" name="validAdminTest" duration-ms="19817" started-at="2018-10-16T16:58:38Z" finished-at="2018-10-16T16:58:58Z">
          <reporter-output>
          </reporter-output>
        </test-method> <!-- validAdminTest -->
        <test-method status="PASS" signature="invalidAdminErromessagetest()[pri:0, instance:com.Test.TestPHPTravels@548a9f61]" name="invalidAdminErromessagetest" duration-ms="8308" started-at="2018-10-16T16:58:58Z" finished-at="2018-10-16T16:59:06Z">
          <reporter-output>
          </reporter-output>
        </test-method> <!-- invalidAdminErromessagetest -->
        <test-method status="PASS" signature="invalidAdminEmail()[pri:0, instance:com.Test.TestPHPTravels@548a9f61]" name="invalidAdminEmail" duration-ms="8250" started-at="2018-10-16T16:59:06Z" finished-at="2018-10-16T16:59:15Z">
          <reporter-output>
          </reporter-output>
        </test-method> <!-- invalidAdminEmail -->
        <test-method status="PASS" signature="closeApp()[pri:0, instance:com.Test.TestPHPTravels@548a9f61]" name="closeApp" is-config="true" duration-ms="704" started-at="2018-10-16T16:59:15Z" finished-at="2018-10-16T16:59:15Z">
          <reporter-output>
          </reporter-output>
        </test-method> <!-- closeApp -->
      </class> <!-- com.Test.TestPHPTravels -->
    </test> <!-- Default test -->
  </suite> <!-- Default suite -->
</testng-results>
