<?xml version="1.0" encoding="UTF-8"?>
<!-- Generated by org.testng.reporters.JUnitXMLReporter -->
<testsuite hostname="BDC4-D-5S8XQG2" name="Test" tests="3" failures="1" timestamp="16 Oct 2018 07:31:57 GMT" time="0.607" errors="0">
  <testcase name="Register" time="0.009" classname="com.test.ExtentReportTest"/>
  <testcase name="login" time="0.001" classname="com.test.ExtentReportTest">
    <failure type="java.lang.AssertionError" message="expected [true] but found [false]">
      <![CDATA[java.lang.AssertionError: expected [true] but found [false]
	at com.test.ExtentReportTest.login(ExtentReportTest.java:53)
... Removed 31 stack frames]]>
    </failure>
  </testcase> <!-- login -->
  <testcase name="mobileRecharge" time="0.001" classname="com.test.ExtentReportTest">
    <skipped/>
  </testcase> <!-- mobileRecharge -->
</testsuite> <!-- Test -->
