<?xml version="1.0" encoding="UTF-8"?>
<!-- Generated by org.testng.reporters.JUnitXMLReporter -->
<testsuite hostname="BDC4-D-5S8XQG2" name="Default test" tests="3" failures="0" timestamp="16 Oct 2018 11:29:15 GMT" time="49.226" errors="0">
  <testcase name="validAdminTest" time="19.817" classname="com.Test.TestPHPTravels"/>
  <testcase name="invalidAdminErromessagetest" time="8.308" classname="com.Test.TestPHPTravels"/>
  <testcase name="invalidAdminEmail" time="8.25" classname="com.Test.TestPHPTravels"/>
</testsuite> <!-- Default test -->
